<?xml version="1.0" encoding="UTF-8"?>
<testng-results ignored="0" total="2" passed="2" failed="0" skipped="0">
  <reporter-output>
  </reporter-output>
  <suite started-at="2022-09-30T16:16:02 IST" name="Suite" finished-at="2022-09-30T16:18:42 IST" duration-ms="160560">
    <groups>
    </groups>
    <test started-at="2022-09-30T16:16:02 IST" name="Test" finished-at="2022-09-30T16:16:02 IST" duration-ms="20">
    </test> <!-- Test -->
    <test started-at="2022-09-30T16:16:02 IST" name="TestChrome" finished-at="2022-09-30T16:16:56 IST" duration-ms="54627">
      <class name="com.bridgelabz.CrossBrowserScript">
        <test-method signature="browserSetup(java.lang.String)[pri:0, instance:com.bridgelabz.CrossBrowserScript@7fa98a66]" started-at="2022-09-30T16:16:02 IST" name="browserSetup" finished-at="2022-09-30T16:16:56 IST" duration-ms="54463" status="PASS">
          <params>
            <param index="0">
              <value>
                <![CDATA[chrome]]>
              </value>
            </param>
          </params>
          <reporter-output>
          </reporter-output>
        </test-method> <!-- browserSetup -->
      </class> <!-- com.bridgelabz.CrossBrowserScript -->
    </test> <!-- TestChrome -->
    <test started-at="2022-09-30T16:16:02 IST" name="TestFirefox" finished-at="2022-09-30T16:18:42 IST" duration-ms="160560">
      <class name="com.bridgelabz.CrossBrowserScript">
        <test-method signature="browserSetup(java.lang.String)[pri:0, instance:com.bridgelabz.CrossBrowserScript@5158b42f]" started-at="2022-09-30T16:16:02 IST" name="browserSetup" finished-at="2022-09-30T16:18:42 IST" duration-ms="160412" status="PASS">
          <params>
            <param index="0">
              <value>
                <![CDATA[firefox]]>
              </value>
            </param>
          </params>
          <reporter-output>
          </reporter-output>
        </test-method> <!-- browserSetup -->
      </class> <!-- com.bridgelabz.CrossBrowserScript -->
    </test> <!-- TestFirefox -->
  </suite> <!-- Suite -->
</testng-results>
